[2019-04-13 18:02:57,394] TRACE [Controller id=0] Checking need to trigger auto leader balancing (kafka.controller.KafkaController)
[2019-04-13 18:02:57,395] DEBUG [Controller id=0] Preferred replicas by broker Map(0 -> Map(dataStream2-0 -> Vector(0))) (kafka.controller.KafkaController)
[2019-04-13 18:02:57,395] DEBUG [Controller id=0] Topics not in preferred replica for broker 0 Map() (kafka.controller.KafkaController)
[2019-04-13 18:02:57,395] TRACE [Controller id=0] Leader imbalance ratio for broker 0 is 0.0 (kafka.controller.KafkaController)
[2019-04-13 18:07:57,396] TRACE [Controller id=0] Checking need to trigger auto leader balancing (kafka.controller.KafkaController)
[2019-04-13 18:07:57,396] DEBUG [Controller id=0] Preferred replicas by broker Map(0 -> Map(dataStream2-0 -> Vector(0))) (kafka.controller.KafkaController)
[2019-04-13 18:07:57,397] DEBUG [Controller id=0] Topics not in preferred replica for broker 0 Map() (kafka.controller.KafkaController)
[2019-04-13 18:07:57,397] TRACE [Controller id=0] Leader imbalance ratio for broker 0 is 0.0 (kafka.controller.KafkaController)
[2019-04-13 18:12:57,397] TRACE [Controller id=0] Checking need to trigger auto leader balancing (kafka.controller.KafkaController)
[2019-04-13 18:12:57,398] DEBUG [Controller id=0] Preferred replicas by broker Map(0 -> Map(dataStream2-0 -> Vector(0))) (kafka.controller.KafkaController)
[2019-04-13 18:12:57,398] DEBUG [Controller id=0] Topics not in preferred replica for broker 0 Map() (kafka.controller.KafkaController)
[2019-04-13 18:12:57,398] TRACE [Controller id=0] Leader imbalance ratio for broker 0 is 0.0 (kafka.controller.KafkaController)
[2019-04-13 18:17:57,399] TRACE [Controller id=0] Checking need to trigger auto leader balancing (kafka.controller.KafkaController)
[2019-04-13 18:17:57,399] DEBUG [Controller id=0] Preferred replicas by broker Map(0 -> Map(dataStream2-0 -> Vector(0))) (kafka.controller.KafkaController)
[2019-04-13 18:17:57,400] DEBUG [Controller id=0] Topics not in preferred replica for broker 0 Map() (kafka.controller.KafkaController)
[2019-04-13 18:17:57,400] TRACE [Controller id=0] Leader imbalance ratio for broker 0 is 0.0 (kafka.controller.KafkaController)
[2019-04-13 18:22:57,400] TRACE [Controller id=0] Checking need to trigger auto leader balancing (kafka.controller.KafkaController)
[2019-04-13 18:22:57,401] DEBUG [Controller id=0] Preferred replicas by broker Map(0 -> Map(dataStream2-0 -> Vector(0))) (kafka.controller.KafkaController)
[2019-04-13 18:22:57,401] DEBUG [Controller id=0] Topics not in preferred replica for broker 0 Map() (kafka.controller.KafkaController)
[2019-04-13 18:22:57,401] TRACE [Controller id=0] Leader imbalance ratio for broker 0 is 0.0 (kafka.controller.KafkaController)
[2019-04-13 18:27:57,402] TRACE [Controller id=0] Checking need to trigger auto leader balancing (kafka.controller.KafkaController)
[2019-04-13 18:27:57,402] DEBUG [Controller id=0] Preferred replicas by broker Map(0 -> Map(dataStream2-0 -> Vector(0))) (kafka.controller.KafkaController)
[2019-04-13 18:27:57,402] DEBUG [Controller id=0] Topics not in preferred replica for broker 0 Map() (kafka.controller.KafkaController)
[2019-04-13 18:27:57,403] TRACE [Controller id=0] Leader imbalance ratio for broker 0 is 0.0 (kafka.controller.KafkaController)
[2019-04-13 18:32:57,403] TRACE [Controller id=0] Checking need to trigger auto leader balancing (kafka.controller.KafkaController)
[2019-04-13 18:32:57,404] DEBUG [Controller id=0] Preferred replicas by broker Map(0 -> Map(dataStream2-0 -> Vector(0))) (kafka.controller.KafkaController)
[2019-04-13 18:32:57,404] DEBUG [Controller id=0] Topics not in preferred replica for broker 0 Map() (kafka.controller.KafkaController)
[2019-04-13 18:32:57,404] TRACE [Controller id=0] Leader imbalance ratio for broker 0 is 0.0 (kafka.controller.KafkaController)
[2019-04-13 18:37:57,405] TRACE [Controller id=0] Checking need to trigger auto leader balancing (kafka.controller.KafkaController)
[2019-04-13 18:37:57,405] DEBUG [Controller id=0] Preferred replicas by broker Map(0 -> Map(dataStream2-0 -> Vector(0))) (kafka.controller.KafkaController)
[2019-04-13 18:37:57,405] DEBUG [Controller id=0] Topics not in preferred replica for broker 0 Map() (kafka.controller.KafkaController)
[2019-04-13 18:37:57,406] TRACE [Controller id=0] Leader imbalance ratio for broker 0 is 0.0 (kafka.controller.KafkaController)
[2019-04-13 18:42:57,406] TRACE [Controller id=0] Checking need to trigger auto leader balancing (kafka.controller.KafkaController)
[2019-04-13 18:42:57,407] DEBUG [Controller id=0] Preferred replicas by broker Map(0 -> Map(dataStream2-0 -> Vector(0))) (kafka.controller.KafkaController)
[2019-04-13 18:42:57,407] DEBUG [Controller id=0] Topics not in preferred replica for broker 0 Map() (kafka.controller.KafkaController)
[2019-04-13 18:42:57,407] TRACE [Controller id=0] Leader imbalance ratio for broker 0 is 0.0 (kafka.controller.KafkaController)
[2019-04-13 18:47:57,407] TRACE [Controller id=0] Checking need to trigger auto leader balancing (kafka.controller.KafkaController)
[2019-04-13 18:47:57,408] DEBUG [Controller id=0] Preferred replicas by broker Map(0 -> Map(dataStream2-0 -> Vector(0))) (kafka.controller.KafkaController)
[2019-04-13 18:47:57,408] DEBUG [Controller id=0] Topics not in preferred replica for broker 0 Map() (kafka.controller.KafkaController)
[2019-04-13 18:47:57,409] TRACE [Controller id=0] Leader imbalance ratio for broker 0 is 0.0 (kafka.controller.KafkaController)
[2019-04-13 18:50:11,653] DEBUG preRegister called. Server=com.sun.jmx.mbeanserver.JmxMBeanServer@43556938, name=log4j:logger=kafka.controller (kafka.controller)
[2019-04-13 18:52:17,794] DEBUG preRegister called. Server=com.sun.jmx.mbeanserver.JmxMBeanServer@43556938, name=log4j:logger=kafka.controller (kafka.controller)
[2019-04-13 18:52:20,435] INFO [ControllerEventThread controllerId=0] Starting (kafka.controller.ControllerEventManager$ControllerEventThread)
[2019-04-13 18:52:20,525] INFO [Controller id=0] 0 successfully elected as the controller. Epoch incremented to 3 and epoch zk version is now 3 (kafka.controller.KafkaController)
[2019-04-13 18:52:20,525] INFO [Controller id=0] Registering handlers (kafka.controller.KafkaController)
[2019-04-13 18:52:20,540] INFO [Controller id=0] Deleting log dir event notifications (kafka.controller.KafkaController)
[2019-04-13 18:52:20,548] INFO [Controller id=0] Deleting isr change notifications (kafka.controller.KafkaController)
[2019-04-13 18:52:20,554] INFO [Controller id=0] Initializing controller context (kafka.controller.KafkaController)
[2019-04-13 18:52:20,623] DEBUG [Controller id=0] Register BrokerModifications handler for Set(0) (kafka.controller.KafkaController)
[2019-04-13 18:52:20,671] DEBUG [Channel manager on controller 0]: Controller 0 trying to connect to broker 0 (kafka.controller.ControllerChannelManager)
[2019-04-13 18:52:20,724] INFO [RequestSendThread controllerId=0] Starting (kafka.controller.RequestSendThread)
[2019-04-13 18:52:20,733] INFO [Controller id=0] Partitions being reassigned: Map() (kafka.controller.KafkaController)
[2019-04-13 18:52:20,735] INFO [Controller id=0] Currently active brokers in the cluster: Set(0) (kafka.controller.KafkaController)
[2019-04-13 18:52:20,736] INFO [Controller id=0] Currently shutting brokers in the cluster: Set() (kafka.controller.KafkaController)
[2019-04-13 18:52:20,737] INFO [Controller id=0] Current list of topics in the cluster: Set(dataStream2) (kafka.controller.KafkaController)
[2019-04-13 18:52:20,738] INFO [Controller id=0] Fetching topic deletions in progress (kafka.controller.KafkaController)
[2019-04-13 18:52:20,750] INFO [Controller id=0] List of topics to be deleted:  (kafka.controller.KafkaController)
[2019-04-13 18:52:20,751] INFO [Controller id=0] List of topics ineligible for deletion:  (kafka.controller.KafkaController)
[2019-04-13 18:52:20,752] INFO [Controller id=0] Initializing topic deletion manager (kafka.controller.KafkaController)
[2019-04-13 18:52:20,753] INFO [Controller id=0] Sending update metadata request (kafka.controller.KafkaController)
[2019-04-13 18:52:20,812] INFO [ReplicaStateMachine controllerId=0] Initializing replica state (kafka.controller.ReplicaStateMachine)
[2019-04-13 18:52:20,832] INFO [RequestSendThread controllerId=0] Controller 0 connected to sergi-laptop:9092 (id: 0 rack: null) for sending state change requests (kafka.controller.RequestSendThread)
[2019-04-13 18:52:20,837] INFO [ReplicaStateMachine controllerId=0] Triggering online replica state changes (kafka.controller.ReplicaStateMachine)
[2019-04-13 18:52:20,896] INFO [ReplicaStateMachine controllerId=0] Started replica state machine with initial state -> Map([Topic=dataStream2,Partition=0,Replica=0] -> OnlineReplica) (kafka.controller.ReplicaStateMachine)
[2019-04-13 18:52:20,897] INFO [PartitionStateMachine controllerId=0] Initializing partition state (kafka.controller.PartitionStateMachine)
[2019-04-13 18:52:20,904] INFO [PartitionStateMachine controllerId=0] Triggering online partition state changes (kafka.controller.PartitionStateMachine)
[2019-04-13 18:52:20,907] INFO [PartitionStateMachine controllerId=0] Started partition state machine with initial state -> Map(dataStream2-0 -> OnlinePartition) (kafka.controller.PartitionStateMachine)
[2019-04-13 18:52:20,908] INFO [Controller id=0] Ready to serve as the new controller with epoch 3 (kafka.controller.KafkaController)
[2019-04-13 18:52:20,917] INFO [Controller id=0] Removing partitions Set() from the list of reassigned partitions in zookeeper (kafka.controller.KafkaController)
[2019-04-13 18:52:20,917] INFO [Controller id=0] No more partitions need to be reassigned. Deleting zk path /admin/reassign_partitions (kafka.controller.KafkaController)
[2019-04-13 18:52:20,946] INFO [Controller id=0] Partitions undergoing preferred replica election:  (kafka.controller.KafkaController)
[2019-04-13 18:52:20,947] INFO [Controller id=0] Partitions that completed preferred replica election:  (kafka.controller.KafkaController)
[2019-04-13 18:52:20,947] INFO [Controller id=0] Skipping preferred replica election for partitions due to topic deletion:  (kafka.controller.KafkaController)
[2019-04-13 18:52:20,949] INFO [Controller id=0] Resuming preferred replica election for partitions:  (kafka.controller.KafkaController)
[2019-04-13 18:52:20,950] INFO [Controller id=0] Starting preferred replica leader election for partitions  (kafka.controller.KafkaController)
[2019-04-13 18:52:20,961] INFO [Controller id=0] Starting the controller scheduler (kafka.controller.KafkaController)
[2019-04-13 18:52:25,964] TRACE [Controller id=0] Checking need to trigger auto leader balancing (kafka.controller.KafkaController)
[2019-04-13 18:52:25,968] DEBUG [Controller id=0] Preferred replicas by broker Map(0 -> Map(dataStream2-0 -> Vector(0))) (kafka.controller.KafkaController)
[2019-04-13 18:52:25,970] DEBUG [Controller id=0] Topics not in preferred replica for broker 0 Map() (kafka.controller.KafkaController)
[2019-04-13 18:52:25,972] TRACE [Controller id=0] Leader imbalance ratio for broker 0 is 0.0 (kafka.controller.KafkaController)
[2019-04-13 18:54:26,932] DEBUG preRegister called. Server=com.sun.jmx.mbeanserver.JmxMBeanServer@43556938, name=log4j:logger=kafka.controller (kafka.controller)
[2019-04-13 18:54:55,118] DEBUG preRegister called. Server=com.sun.jmx.mbeanserver.JmxMBeanServer@43556938, name=log4j:logger=kafka.controller (kafka.controller)
[2019-04-13 18:54:57,345] INFO [ControllerEventThread controllerId=0] Starting (kafka.controller.ControllerEventManager$ControllerEventThread)
[2019-04-13 18:54:57,385] INFO [Controller id=0] 0 successfully elected as the controller. Epoch incremented to 4 and epoch zk version is now 4 (kafka.controller.KafkaController)
[2019-04-13 18:54:57,387] INFO [Controller id=0] Registering handlers (kafka.controller.KafkaController)
[2019-04-13 18:54:57,393] INFO [Controller id=0] Deleting log dir event notifications (kafka.controller.KafkaController)
[2019-04-13 18:54:57,396] INFO [Controller id=0] Deleting isr change notifications (kafka.controller.KafkaController)
[2019-04-13 18:54:57,405] INFO [Controller id=0] Initializing controller context (kafka.controller.KafkaController)
[2019-04-13 18:54:57,453] DEBUG [Controller id=0] Register BrokerModifications handler for Set(0) (kafka.controller.KafkaController)
[2019-04-13 18:54:57,470] DEBUG [Channel manager on controller 0]: Controller 0 trying to connect to broker 0 (kafka.controller.ControllerChannelManager)
[2019-04-13 18:54:57,499] INFO [RequestSendThread controllerId=0] Starting (kafka.controller.RequestSendThread)
[2019-04-13 18:54:57,501] INFO [Controller id=0] Partitions being reassigned: Map() (kafka.controller.KafkaController)
[2019-04-13 18:54:57,502] INFO [Controller id=0] Currently active brokers in the cluster: Set(0) (kafka.controller.KafkaController)
[2019-04-13 18:54:57,502] INFO [Controller id=0] Currently shutting brokers in the cluster: Set() (kafka.controller.KafkaController)
[2019-04-13 18:54:57,503] INFO [Controller id=0] Current list of topics in the cluster: Set(dataStream2) (kafka.controller.KafkaController)
[2019-04-13 18:54:57,503] INFO [Controller id=0] Fetching topic deletions in progress (kafka.controller.KafkaController)
[2019-04-13 18:54:57,510] INFO [Controller id=0] List of topics to be deleted:  (kafka.controller.KafkaController)
[2019-04-13 18:54:57,510] INFO [Controller id=0] List of topics ineligible for deletion:  (kafka.controller.KafkaController)
[2019-04-13 18:54:57,510] INFO [Controller id=0] Initializing topic deletion manager (kafka.controller.KafkaController)
[2019-04-13 18:54:57,511] INFO [Controller id=0] Sending update metadata request (kafka.controller.KafkaController)
[2019-04-13 18:54:57,523] INFO [ReplicaStateMachine controllerId=0] Initializing replica state (kafka.controller.ReplicaStateMachine)
[2019-04-13 18:54:57,528] INFO [ReplicaStateMachine controllerId=0] Triggering online replica state changes (kafka.controller.ReplicaStateMachine)
[2019-04-13 18:54:57,534] INFO [RequestSendThread controllerId=0] Controller 0 connected to sergi-laptop:9092 (id: 0 rack: null) for sending state change requests (kafka.controller.RequestSendThread)
[2019-04-13 18:54:57,554] INFO [ReplicaStateMachine controllerId=0] Started replica state machine with initial state -> Map([Topic=dataStream2,Partition=0,Replica=0] -> OnlineReplica) (kafka.controller.ReplicaStateMachine)
[2019-04-13 18:54:57,555] INFO [PartitionStateMachine controllerId=0] Initializing partition state (kafka.controller.PartitionStateMachine)
[2019-04-13 18:54:57,558] INFO [PartitionStateMachine controllerId=0] Triggering online partition state changes (kafka.controller.PartitionStateMachine)
[2019-04-13 18:54:57,562] INFO [PartitionStateMachine controllerId=0] Started partition state machine with initial state -> Map(dataStream2-0 -> OnlinePartition) (kafka.controller.PartitionStateMachine)
[2019-04-13 18:54:57,564] INFO [Controller id=0] Ready to serve as the new controller with epoch 4 (kafka.controller.KafkaController)
[2019-04-13 18:54:57,567] INFO [Controller id=0] Removing partitions Set() from the list of reassigned partitions in zookeeper (kafka.controller.KafkaController)
[2019-04-13 18:54:57,568] INFO [Controller id=0] No more partitions need to be reassigned. Deleting zk path /admin/reassign_partitions (kafka.controller.KafkaController)
[2019-04-13 18:54:57,597] INFO [Controller id=0] Partitions undergoing preferred replica election:  (kafka.controller.KafkaController)
[2019-04-13 18:54:57,598] INFO [Controller id=0] Partitions that completed preferred replica election:  (kafka.controller.KafkaController)
[2019-04-13 18:54:57,598] INFO [Controller id=0] Skipping preferred replica election for partitions due to topic deletion:  (kafka.controller.KafkaController)
[2019-04-13 18:54:57,599] INFO [Controller id=0] Resuming preferred replica election for partitions:  (kafka.controller.KafkaController)
[2019-04-13 18:54:57,599] INFO [Controller id=0] Starting preferred replica leader election for partitions  (kafka.controller.KafkaController)
[2019-04-13 18:54:57,621] INFO [Controller id=0] Starting the controller scheduler (kafka.controller.KafkaController)
[2019-04-13 18:55:02,625] TRACE [Controller id=0] Checking need to trigger auto leader balancing (kafka.controller.KafkaController)
[2019-04-13 18:55:02,629] DEBUG [Controller id=0] Preferred replicas by broker Map(0 -> Map(dataStream2-0 -> Vector(0))) (kafka.controller.KafkaController)
[2019-04-13 18:55:02,632] DEBUG [Controller id=0] Topics not in preferred replica for broker 0 Map() (kafka.controller.KafkaController)
[2019-04-13 18:55:02,634] TRACE [Controller id=0] Leader imbalance ratio for broker 0 is 0.0 (kafka.controller.KafkaController)
