[2019-04-13T18:54:54.479+0200][gc,heap] Heap region size: 1M
[2019-04-13T18:54:54.490+0200][gc     ] Using G1
[2019-04-13T18:54:54.490+0200][gc,heap,coops] Heap address: 0x00000000c0000000, size: 1024 MB, Compressed Oops mode: 32-bit
[2019-04-13T18:54:56.213+0200][gc,start     ] GC(0) Pause Young (Normal) (G1 Evacuation Pause)
[2019-04-13T18:54:56.214+0200][gc,task      ] GC(0) Using 4 workers of 4 for evacuation
[2019-04-13T18:54:56.223+0200][gc,phases    ] GC(0)   Pre Evacuate Collection Set: 0,0ms
[2019-04-13T18:54:56.223+0200][gc,phases    ] GC(0)   Evacuate Collection Set: 8,8ms
[2019-04-13T18:54:56.223+0200][gc,phases    ] GC(0)   Post Evacuate Collection Set: 0,5ms
[2019-04-13T18:54:56.223+0200][gc,phases    ] GC(0)   Other: 0,4ms
[2019-04-13T18:54:56.223+0200][gc,heap      ] GC(0) Eden regions: 51->0(45)
[2019-04-13T18:54:56.223+0200][gc,heap      ] GC(0) Survivor regions: 0->6(7)
[2019-04-13T18:54:56.223+0200][gc,heap      ] GC(0) Old regions: 2->2
[2019-04-13T18:54:56.223+0200][gc,heap      ] GC(0) Humongous regions: 0->0
[2019-04-13T18:54:56.223+0200][gc,metaspace ] GC(0) Metaspace: 16937K->16937K(1064960K)
[2019-04-13T18:54:56.223+0200][gc           ] GC(0) Pause Young (Normal) (G1 Evacuation Pause) 51M->6M(1024M) 9,897ms
[2019-04-13T18:54:56.223+0200][gc,cpu       ] GC(0) User=0,03s Sys=0,00s Real=0,01s
[2019-04-13T18:54:56.568+0200][gc,start     ] GC(1) Pause Young (Concurrent Start) (Metadata GC Threshold)
[2019-04-13T18:54:56.568+0200][gc,task      ] GC(1) Using 4 workers of 4 for evacuation
[2019-04-13T18:54:56.596+0200][gc,mmu       ] GC(1) MMU target violated: 21,0ms (20,0ms/21,0ms)
[2019-04-13T18:54:56.596+0200][gc,phases    ] GC(1)   Pre Evacuate Collection Set: 0,1ms
[2019-04-13T18:54:56.597+0200][gc,phases    ] GC(1)   Evacuate Collection Set: 27,2ms
[2019-04-13T18:54:56.597+0200][gc,phases    ] GC(1)   Post Evacuate Collection Set: 0,9ms
[2019-04-13T18:54:56.597+0200][gc,phases    ] GC(1)   Other: 0,5ms
[2019-04-13T18:54:56.597+0200][gc,heap      ] GC(1) Eden regions: 14->0(50)
[2019-04-13T18:54:56.597+0200][gc,heap      ] GC(1) Survivor regions: 6->1(7)
[2019-04-13T18:54:56.597+0200][gc,heap      ] GC(1) Old regions: 2->8
[2019-04-13T18:54:56.597+0200][gc,heap      ] GC(1) Humongous regions: 0->0
[2019-04-13T18:54:56.597+0200][gc,metaspace ] GC(1) Metaspace: 20541K->20541K(1067008K)
[2019-04-13T18:54:56.597+0200][gc           ] GC(1) Pause Young (Concurrent Start) (Metadata GC Threshold) 19M->7M(1024M) 28,856ms
[2019-04-13T18:54:56.597+0200][gc,cpu       ] GC(1) User=0,06s Sys=0,01s Real=0,03s
[2019-04-13T18:54:56.597+0200][gc           ] GC(2) Concurrent Cycle
[2019-04-13T18:54:56.597+0200][gc,marking   ] GC(2) Concurrent Clear Claimed Marks
[2019-04-13T18:54:56.597+0200][gc,marking   ] GC(2) Concurrent Clear Claimed Marks 0,103ms
[2019-04-13T18:54:56.597+0200][gc,marking   ] GC(2) Concurrent Scan Root Regions
[2019-04-13T18:54:56.599+0200][gc,marking   ] GC(2) Concurrent Scan Root Regions 1,738ms
[2019-04-13T18:54:56.599+0200][gc,marking   ] GC(2) Concurrent Mark (2,123s)
[2019-04-13T18:54:56.599+0200][gc,marking   ] GC(2) Concurrent Mark From Roots
[2019-04-13T18:54:56.599+0200][gc,task      ] GC(2) Using 1 workers of 1 for marking
[2019-04-13T18:54:56.621+0200][gc,marking   ] GC(2) Concurrent Mark From Roots 22,266ms
[2019-04-13T18:54:56.621+0200][gc,marking   ] GC(2) Concurrent Preclean
[2019-04-13T18:54:56.621+0200][gc,marking   ] GC(2) Concurrent Preclean 0,174ms
[2019-04-13T18:54:56.621+0200][gc,marking   ] GC(2) Concurrent Mark (2,123s, 2,146s) 22,541ms
[2019-04-13T18:54:56.622+0200][gc,start     ] GC(2) Pause Remark
[2019-04-13T18:54:56.630+0200][gc,stringtable] GC(2) Cleaned string and symbol table, strings: 4745 processed, 0 removed, symbols: 49733 processed, 50 removed
[2019-04-13T18:54:56.630+0200][gc            ] GC(2) Pause Remark 8M->8M(1024M) 7,898ms
[2019-04-13T18:54:56.630+0200][gc,cpu        ] GC(2) User=0,02s Sys=0,00s Real=0,01s
[2019-04-13T18:54:56.630+0200][gc,marking    ] GC(2) Concurrent Rebuild Remembered Sets
[2019-04-13T18:54:56.643+0200][gc,marking    ] GC(2) Concurrent Rebuild Remembered Sets 12,966ms
[2019-04-13T18:54:56.644+0200][gc,start      ] GC(2) Pause Cleanup
[2019-04-13T18:54:56.644+0200][gc            ] GC(2) Pause Cleanup 8M->8M(1024M) 0,550ms
[2019-04-13T18:54:56.644+0200][gc,cpu        ] GC(2) User=0,00s Sys=0,00s Real=0,00s
[2019-04-13T18:54:56.644+0200][gc,marking    ] GC(2) Concurrent Cleanup for Next Mark
[2019-04-13T18:54:56.671+0200][gc,marking    ] GC(2) Concurrent Cleanup for Next Mark 27,233ms
[2019-04-13T18:54:56.672+0200][gc            ] GC(2) Concurrent Cycle 74,803ms
