[2019-04-13 18:50:11,650] DEBUG preRegister called. Server=com.sun.jmx.mbeanserver.JmxMBeanServer@43556938, name=log4j:logger=state.change.logger (state.change.logger)
[2019-04-13 18:52:17,791] DEBUG preRegister called. Server=com.sun.jmx.mbeanserver.JmxMBeanServer@43556938, name=log4j:logger=state.change.logger (state.change.logger)
[2019-04-13 18:52:20,787] TRACE [Controller id=0 epoch=3] Sending UpdateMetadata request PartitionState(controllerEpoch=1, leader=0, leaderEpoch=0, isr=[0], zkVersion=0, replicas=[0], offlineReplicas=[]) to brokers Set(0) for partition dataStream2-0 (state.change.logger)
[2019-04-13 18:52:20,878] TRACE [Controller id=0 epoch=3] Changed state of replica 0 for partition dataStream2-0 from OnlineReplica to OnlineReplica (state.change.logger)
[2019-04-13 18:52:20,887] TRACE [Controller id=0 epoch=3] Sending become-leader LeaderAndIsr request PartitionState(controllerEpoch=1, leader=0, leaderEpoch=0, isr=0, zkVersion=0, replicas=0, isNew=false) to broker 0 for partition dataStream2-0 (state.change.logger)
[2019-04-13 18:52:20,895] TRACE [Controller id=0 epoch=3] Sending UpdateMetadata request PartitionState(controllerEpoch=1, leader=0, leaderEpoch=0, isr=[0], zkVersion=0, replicas=[0], offlineReplicas=[]) to brokers Set(0) for partition dataStream2-0 (state.change.logger)
[2019-04-13 18:52:21,034] TRACE [Broker id=0] Cached leader info PartitionState(controllerEpoch=1, leader=0, leaderEpoch=0, isr=[0], zkVersion=0, replicas=[0], offlineReplicas=[]) for partition dataStream2-0 in response to UpdateMetadata request sent by controller 0 epoch 3 with correlation id 0 (state.change.logger)
[2019-04-13 18:52:21,043] TRACE [Controller id=0 epoch=3] Received response {error_code=0} for request UPDATE_METADATA with correlation id 0 sent to broker sergi-laptop:9092 (id: 0 rack: null) (state.change.logger)
[2019-04-13 18:52:21,052] TRACE [Broker id=0] Received LeaderAndIsr request PartitionState(controllerEpoch=1, leader=0, leaderEpoch=0, isr=0, zkVersion=0, replicas=0, isNew=false) correlation id 1 from controller 0 epoch 3 for partition dataStream2-0 (state.change.logger)
[2019-04-13 18:52:21,063] TRACE [Broker id=0] Handling LeaderAndIsr request correlationId 1 from controller 0 epoch 3 starting the become-leader transition for partition dataStream2-0 (state.change.logger)
[2019-04-13 18:52:21,099] TRACE [Broker id=0] Stopped fetchers as part of become-leader request from controller 0 epoch 3 with correlation id 1 for partition dataStream2-0 (last update controller epoch 1) (state.change.logger)
[2019-04-13 18:52:21,099] TRACE [Broker id=0] Completed LeaderAndIsr request correlationId 1 from controller 0 epoch 3 for the become-leader transition for partition dataStream2-0 (state.change.logger)
[2019-04-13 18:52:21,112] TRACE [Controller id=0 epoch=3] Received response {error_code=0,partitions=[{topic=dataStream2,partition=0,error_code=0}]} for request LEADER_AND_ISR with correlation id 1 sent to broker sergi-laptop:9092 (id: 0 rack: null) (state.change.logger)
[2019-04-13 18:52:21,114] TRACE [Broker id=0] Cached leader info PartitionState(controllerEpoch=1, leader=0, leaderEpoch=0, isr=[0], zkVersion=0, replicas=[0], offlineReplicas=[]) for partition dataStream2-0 in response to UpdateMetadata request sent by controller 0 epoch 3 with correlation id 2 (state.change.logger)
[2019-04-13 18:52:21,115] TRACE [Controller id=0 epoch=3] Received response {error_code=0} for request UPDATE_METADATA with correlation id 2 sent to broker sergi-laptop:9092 (id: 0 rack: null) (state.change.logger)
[2019-04-13 18:54:26,931] DEBUG preRegister called. Server=com.sun.jmx.mbeanserver.JmxMBeanServer@43556938, name=log4j:logger=state.change.logger (state.change.logger)
[2019-04-13 18:54:55,112] DEBUG preRegister called. Server=com.sun.jmx.mbeanserver.JmxMBeanServer@43556938, name=log4j:logger=state.change.logger (state.change.logger)
[2019-04-13 18:54:57,518] TRACE [Controller id=0 epoch=4] Sending UpdateMetadata request PartitionState(controllerEpoch=1, leader=0, leaderEpoch=0, isr=[0], zkVersion=0, replicas=[0], offlineReplicas=[]) to brokers Set(0) for partition dataStream2-0 (state.change.logger)
[2019-04-13 18:54:57,549] TRACE [Controller id=0 epoch=4] Changed state of replica 0 for partition dataStream2-0 from OnlineReplica to OnlineReplica (state.change.logger)
[2019-04-13 18:54:57,551] TRACE [Controller id=0 epoch=4] Sending become-leader LeaderAndIsr request PartitionState(controllerEpoch=1, leader=0, leaderEpoch=0, isr=0, zkVersion=0, replicas=0, isNew=false) to broker 0 for partition dataStream2-0 (state.change.logger)
[2019-04-13 18:54:57,554] TRACE [Controller id=0 epoch=4] Sending UpdateMetadata request PartitionState(controllerEpoch=1, leader=0, leaderEpoch=0, isr=[0], zkVersion=0, replicas=[0], offlineReplicas=[]) to brokers Set(0) for partition dataStream2-0 (state.change.logger)
[2019-04-13 18:54:57,653] TRACE [Broker id=0] Cached leader info PartitionState(controllerEpoch=1, leader=0, leaderEpoch=0, isr=[0], zkVersion=0, replicas=[0], offlineReplicas=[]) for partition dataStream2-0 in response to UpdateMetadata request sent by controller 0 epoch 4 with correlation id 0 (state.change.logger)
[2019-04-13 18:54:57,669] TRACE [Controller id=0 epoch=4] Received response {error_code=0} for request UPDATE_METADATA with correlation id 0 sent to broker sergi-laptop:9092 (id: 0 rack: null) (state.change.logger)
[2019-04-13 18:54:57,677] TRACE [Broker id=0] Received LeaderAndIsr request PartitionState(controllerEpoch=1, leader=0, leaderEpoch=0, isr=0, zkVersion=0, replicas=0, isNew=false) correlation id 1 from controller 0 epoch 4 for partition dataStream2-0 (state.change.logger)
[2019-04-13 18:54:57,686] TRACE [Broker id=0] Handling LeaderAndIsr request correlationId 1 from controller 0 epoch 4 starting the become-leader transition for partition dataStream2-0 (state.change.logger)
[2019-04-13 18:54:57,722] TRACE [Broker id=0] Stopped fetchers as part of become-leader request from controller 0 epoch 4 with correlation id 1 for partition dataStream2-0 (last update controller epoch 1) (state.change.logger)
[2019-04-13 18:54:57,723] TRACE [Broker id=0] Completed LeaderAndIsr request correlationId 1 from controller 0 epoch 4 for the become-leader transition for partition dataStream2-0 (state.change.logger)
[2019-04-13 18:54:57,735] TRACE [Controller id=0 epoch=4] Received response {error_code=0,partitions=[{topic=dataStream2,partition=0,error_code=0}]} for request LEADER_AND_ISR with correlation id 1 sent to broker sergi-laptop:9092 (id: 0 rack: null) (state.change.logger)
[2019-04-13 18:54:57,738] TRACE [Broker id=0] Cached leader info PartitionState(controllerEpoch=1, leader=0, leaderEpoch=0, isr=[0], zkVersion=0, replicas=[0], offlineReplicas=[]) for partition dataStream2-0 in response to UpdateMetadata request sent by controller 0 epoch 4 with correlation id 2 (state.change.logger)
[2019-04-13 18:54:57,740] TRACE [Controller id=0 epoch=4] Received response {error_code=0} for request UPDATE_METADATA with correlation id 2 sent to broker sergi-laptop:9092 (id: 0 rack: null) (state.change.logger)
